# JRE version: Java(TM) SE Runtime Environment (8.0_20-b26) (build 1.8.0_20-b26)
# Java VM: Java HotSpot(TM) 64-Bit Server VM (25.20-b23 mixed mode windows-amd64 compressed oops)
Heap:
 PSYoungGen      total 509952K, used 509831K [0x0000000715c00000, 0x000000073b780000, 0x00000007c0000000)
  eden space 477184K, 100% used [0x0000000715c00000,0x0000000732e00000,0x0000000732e00000)
  from space 32768K, 99% used [0x0000000739780000,0x000000073b761fa8,0x000000073b780000)
  to   space 55808K, 53% used [0x0000000734a80000,0x00000007367b7618,0x0000000738100000)
 ParOldGen       total 248832K, used 54923K [0x00000005c1400000, 0x00000005d0700000, 0x0000000715c00000)
  object space 248832K, 22% used [0x00000005c1400000,0x00000005c49a2c20,0x00000005d0700000)
 Metaspace       used 20940K, capacity 21254K, committed 21504K, reserved 1069056K
  class space    used 2378K, capacity 2463K, committed 2560K, reserved 1048576K
GC Heap History (10 events):
Event: 6.961 GC heap after
Heap after GC invocations=3 (full 0):
 PSYoungGen      total 153088K, used 21488K [0x0000000715c00000, 0x0000000728700000, 0x00000007c0000000)
  eden space 131584K, 0% used [0x0000000715c00000,0x0000000715c00000,0x000000071dc80000)
  from space 21504K, 99% used [0x000000071dc80000,0x000000071f17c010,0x000000071f180000)
  to   space 21504K, 0% used [0x0000000727200000,0x0000000727200000,0x0000000728700000)
 ParOldGen       total 349696K, used 62276K [0x00000005c1400000, 0x00000005d6980000, 0x0000000715c00000)
  object space 349696K, 17% used [0x00000005c1400000,0x00000005c50d1378,0x00000005d6980000)
 Metaspace       used 20786K, capacity 21062K, committed 21248K, reserved 1069056K
  class space    used 2376K, capacity 2465K, committed 2560K, reserved 1048576K
}
Event: 7.855 GC heap before
{Heap before GC invocations=4 (full 0):
 PSYoungGen      total 153088K, used 153072K [0x0000000715c00000, 0x0000000728700000, 0x00000007c0000000)
  eden space 131584K, 100% used [0x0000000715c00000,0x000000071dc80000,0x000000071dc80000)
  from space 21504K, 99% used [0x000000071dc80000,0x000000071f17c010,0x000000071f180000)
  to   space 21504K, 0% used [0x0000000727200000,0x0000000727200000,0x0000000728700000)
 ParOldGen       total 349696K, used 62276K [0x00000005c1400000, 0x00000005d6980000, 0x0000000715c00000)
  object space 349696K, 17% used [0x00000005c1400000,0x00000005c50d1378,0x00000005d6980000)
 Metaspace       used 20857K, capacity 21126K, committed 21248K, reserved 1069056K
  class space    used 2377K, capacity 2465K, committed 2560K, reserved 1048576K
Event: 7.885 GC heap after
Heap after GC invocations=4 (full 0):
 PSYoungGen      total 284672K, used 21490K [0x0000000715c00000, 0x0000000728700000, 0x00000007c0000000)
  eden space 263168K, 0% used [0x0000000715c00000,0x0000000715c00000,0x0000000725d00000)
  from space 21504K, 99% used [0x0000000727200000,0x00000007286fcbe8,0x0000000728700000)
  to   space 21504K, 0% used [0x0000000725d00000,0x0000000725d00000,0x0000000727200000)
 ParOldGen       total 349696K, used 71418K [0x00000005c1400000, 0x00000005d6980000, 0x0000000715c00000)
  object space 349696K, 20% used [0x00000005c1400000,0x00000005c59bebe0,0x00000005d6980000)
 Metaspace       used 20857K, capacity 21126K, committed 21248K, reserved 1069056K
  class space    used 2377K, capacity 2465K, committed 2560K, reserved 1048576K
}
Event: 8.000 GC heap before
{Heap before GC invocations=5 (full 0):
 PSYoungGen      total 284672K, used 43664K [0x0000000715c00000, 0x0000000728700000, 0x00000007c0000000)
  eden space 263168K, 8% used [0x0000000715c00000,0x00000007171a7560,0x0000000725d00000)
  from space 21504K, 99% used [0x0000000727200000,0x00000007286fcbe8,0x0000000728700000)
  to   space 21504K, 0% used [0x0000000725d00000,0x0000000725d00000,0x0000000727200000)
 ParOldGen       total 349696K, used 71418K [0x00000005c1400000, 0x00000005d6980000, 0x0000000715c00000)
  object space 349696K, 20% used [0x00000005c1400000,0x00000005c59bebe0,0x00000005d6980000)
 Metaspace       used 20870K, capacity 21126K, committed 21248K, reserved 1069056K
  class space    used 2377K, capacity 2465K, committed 2560K, reserved 1048576K
Event: 8.013 GC heap after
Heap after GC invocations=5 (full 0):
 PSYoungGen      total 284672K, used 21488K [0x0000000715c00000, 0x000000073d100000, 0x00000007c0000000)
  eden space 263168K, 0% used [0x0000000715c00000,0x0000000715c00000,0x0000000725d00000)
  from space 21504K, 99% used [0x0000000725d00000,0x00000007271fc048,0x0000000727200000)
  to   space 58880K, 0% used [0x0000000739780000,0x0000000739780000,0x000000073d100000)
 ParOldGen       total 349696K, used 72998K [0x00000005c1400000, 0x00000005d6980000, 0x0000000715c00000)
  object space 349696K, 20% used [0x00000005c1400000,0x00000005c5b49808,0x00000005d6980000)
 Metaspace       used 20870K, capacity 21126K, committed 21248K, reserved 1069056K
  class space    used 2377K, capacity 2465K, committed 2560K, reserved 1048576K
}
Event: 8.013 GC heap before
{Heap before GC invocations=6 (full 1):
 PSYoungGen      total 284672K, used 21488K [0x0000000715c00000, 0x000000073d100000, 0x00000007c0000000)
  eden space 263168K, 0% used [0x0000000715c00000,0x0000000715c00000,0x0000000725d00000)
  from space 21504K, 99% used [0x0000000725d00000,0x00000007271fc048,0x0000000727200000)
  to   space 58880K, 0% used [0x0000000739780000,0x0000000739780000,0x000000073d100000)
 ParOldGen       total 349696K, used 72998K [0x00000005c1400000, 0x00000005d6980000, 0x0000000715c00000)
  object space 349696K, 20% used [0x00000005c1400000,0x00000005c5b49808,0x00000005d6980000)
 Metaspace       used 20870K, capacity 21126K, committed 21248K, reserved 1069056K
  class space    used 2377K, capacity 2465K, committed 2560K, reserved 1048576K
Event: 8.081 GC heap after
Heap after GC invocations=6 (full 1):
 PSYoungGen      total 284672K, used 0K [0x0000000715c00000, 0x000000073d100000, 0x00000007c0000000)
  eden space 263168K, 0% used [0x0000000715c00000,0x0000000715c00000,0x0000000725d00000)
  from space 21504K, 0% used [0x0000000725d00000,0x0000000725d00000,0x0000000727200000)
  to   space 58880K, 0% used [0x0000000739780000,0x0000000739780000,0x000000073d100000)
 ParOldGen       total 248832K, used 54907K [0x00000005c1400000, 0x00000005d0700000, 0x0000000715c00000)
  object space 248832K, 22% used [0x00000005c1400000,0x00000005c499ec20,0x00000005d0700000)
 Metaspace       used 20866K, capacity 21118K, committed 21248K, reserved 1069056K
  class space    used 2376K, capacity 2463K, committed 2560K, reserved 1048576K
}
Event: 9.588 GC heap before
{Heap before GC invocations=7 (full 1):
 PSYoungGen      total 284672K, used 263168K [0x0000000715c00000, 0x000000073d100000, 0x00000007c0000000)
  eden space 263168K, 100% used [0x0000000715c00000,0x0000000725d00000,0x0000000725d00000)
  from space 21504K, 0% used [0x0000000725d00000,0x0000000725d00000,0x0000000727200000)
  to   space 58880K, 0% used [0x0000000739780000,0x0000000739780000,0x000000073d100000)
 ParOldGen       total 248832K, used 54907K [0x00000005c1400000, 0x00000005d0700000, 0x0000000715c00000)
  object space 248832K, 22% used [0x00000005c1400000,0x00000005c499ec20,0x00000005d0700000)
 Metaspace       used 20887K, capacity 21190K, committed 21504K, reserved 1069056K
  class space    used 2376K, capacity 2463K, committed 2560K, reserved 1048576K
Event: 9.646 GC heap after
Heap after GC invocations=7 (full 1):
 PSYoungGen      total 509952K, used 32647K [0x0000000715c00000, 0x000000073b780000, 0x00000007c0000000)
  eden space 477184K, 0% used [0x0000000715c00000,0x0000000715c00000,0x0000000732e00000)
  from space 32768K, 99% used [0x0000000739780000,0x000000073b761fa8,0x000000073b780000)
  to   space 55808K, 0% used [0x0000000734a80000,0x0000000734a80000,0x0000000738100000)
 ParOldGen       total 248832K, used 54915K [0x00000005c1400000, 0x00000005d0700000, 0x0000000715c00000)
  object space 248832K, 22% used [0x00000005c1400000,0x00000005c49a0c20,0x00000005d0700000)
 Metaspace       used 20887K, capacity 21190K, committed 21504K, reserved 1069056K
  class space    used 2376K, capacity 2463K, committed 2560K, reserved 1048576K
}
Event: 12.448 GC heap before
{Heap before GC invocations=8 (full 1):
 PSYoungGen      total 509952K, used 509831K [0x0000000715c00000, 0x000000073b780000, 0x00000007c0000000)
  eden space 477184K, 100% used [0x0000000715c00000,0x0000000732e00000,0x0000000732e00000)
  from space 32768K, 99% used [0x0000000739780000,0x000000073b761fa8,0x000000073b780000)
  to   space 55808K, 0% used [0x0000000734a80000,0x0000000734a80000,0x0000000738100000)
 ParOldGen       total 248832K, used 54915K [0x00000005c1400000, 0x00000005d0700000, 0x0000000715c00000)
  object space 248832K, 22% used [0x00000005c1400000,0x00000005c49a0c20,0x00000005d0700000)
 Metaspace       used 20940K, capacity 21254K, committed 21504K, reserved 1069056K
  class space    used 2378K, capacity 2463K, committed 2560K, reserved 1048576K

